<html>
<body>
<pre>
<h1>Vision Build Log</h1>
<h2>Tool Versions:</h2>
IDE-Version: μVision V5.38.0.0
Copyright (C) 2022 ARM Ltd and ARM Germany GmbH. All rights reserved.
License Information: 8 kevinzakeLUC@outlook.com, 8, LIC=8VRJ7-E8Z5C-HLUCL-05IHV-AHNEL-M28CW
 
Tool Versions:
Toolchain:       MDK-ARM Plus  Version: 5.23
Toolchain Path:  D:\applications\Keil 5\ARM\ARMCC\Bin
C Compiler:      Armcc.exe V5.06 update 4 (build 422)
Assembler:       Armasm.exe V5.06 update 4 (build 422)
Linker/Locator:  ArmLink.exe V5.06 update 4 (build 422)
Library Manager: ArmAr.exe V5.06 update 4 (build 422)
Hex Converter:   FromElf.exe V5.06 update 4 (build 422)
CPU DLL:         SARMCM3.DLL V5.23
Dialog DLL:      DCM.DLL V1.15.0.0
Target DLL:      STLink\ST-LINKIII-KEIL_SWO.dll V2.0.18.0
Dialog DLL:      TCM.DLL V1.27.0.0
 
<h2>Project:</h2>
D:\GIT Repo\AI-Deployment-Test\MDK-ARM\AI-Deployment-Test.uvprojx
Project File Date:  04/18/2024

<h2>Output:</h2>
*** Using Compiler 'V5.06 update 4 (build 422)', folder: 'D:\applications\Keil 5\ARM\ARMCC\Bin'
Build target 'AI-Deployment-Test'
Note: source file '../Core/Src/system_stm32h7xx.c' - object file renamed from 'AI-Deployment-Test\system_stm32h7xx.o' to 'AI-Deployment-Test\system_stm32h7xx_1.o'.
compiling OV_Frame.c...
..\Core\Src\OV_Frame.c(262): warning:  #223-D: function "USART1_BaudRate_Init" declared implicitly
      USART1_BaudRate_Init(921600);	 //串口1 初始化--波特率 (460800); (921600); (1382400);
..\Core\Src\OV_Frame.c(274): warning:  #223-D: function "sprintf" declared implicitly
      sprintf((char*)Print_buf,"JPEG Size:%s",JPEG_SIZE_TBL[size]);
..\Core\Src\OV_Frame.c(313): error:  #20: identifier "LED2_Toggle" is undefined
  					  LED2_Toggle;//LED灯闪 提示系统在运行
..\Core\Src\OV_Frame.c(349): error:  #20: identifier "hdma_usart1_tx" is undefined
            while(HAL_DMA_GetState(&hdma_usart1_tx) == HAL_DMA_STATE_BUSY);
..\Core\Src\OV_Frame.c(356): warning:  #223-D: function "KEY_Scan" declared implicitly
  						Key_Flag=KEY_Scan(0);   //获取键值
..\Core\Src\OV_Frame.c(365): error:  #20: identifier "KEY1_PRES" is undefined
                  case KEY1_PRES:	//对比度设置
..\Core\Src\OV_Frame.c(371): error:  #20: identifier "KEY2_PRES" is undefined
                  case KEY2_PRES:	//执行一次自动对焦
..\Core\Src\OV_Frame.c(254): warning:  #177-D: variable "i"  was declared but never referenced
      u32 i,jpgstart,jpglen;
..\Core\Src\OV_Frame.c(254): warning:  #177-D: variable "jpgstart"  was declared but never referenced
      u32 i,jpgstart,jpglen;
..\Core\Src\OV_Frame.c(254): warning:  #177-D: variable "jpglen"  was declared but never referenced
      u32 i,jpgstart,jpglen;
..\Core\Src\OV_Frame.c(255): warning:  #177-D: variable "p"  was declared but never referenced
      u8  *p;
..\Core\Src\OV_Frame.c(257): warning:  #177-D: variable "headok"  was declared but never referenced
  	  u8  headok=0;
..\Core\Src\OV_Frame.c(258): warning:  #177-D: variable "effect"  was declared but never referenced
  	  u8  effect=0;
..\Core\Src\OV_Frame.c(620): warning:  #223-D: function "KEY_Scan" declared implicitly
          Key_Flag=KEY_Scan(0);   //获取键值
..\Core\Src\OV_Frame.c(622): error:  #20: identifier "KEY1_PRES" is undefined
  			  if(Key_Flag==KEY1_PRES)//按键1切换功能
..\Core\Src\OV_Frame.c(642): error:  #20: identifier "KEY2_PRES" is undefined
  			 else if(Key_Flag==KEY2_PRES)//按键1切换功能
..\Core\Src\OV_Frame.c(706): error:  #20: identifier "LED2_Toggle" is undefined
             LED2_Toggle;//LED灯闪 提示系统在运行					
..\Core\Src\OV_Frame.c(561): warning:  #177-D: variable "fac"  was declared but never referenced
      float fac=0;
..\Core\Src\OV_Frame.c(562): warning:  #177-D: variable "effect"  was declared but never referenced
      u8 effect=0,contrast=2;
..\Core\Src\OV_Frame.c(562): warning:  #177-D: variable "contrast"  was declared but never referenced
      u8 effect=0,contrast=2;
..\Core\Src\OV_Frame.c(563): warning:  #177-D: variable "scale"  was declared but never referenced
      u8 scale=1;		//默认是全尺寸缩放
..\Core\Src\OV_Frame.c(565): warning:  #177-D: variable "outputheight"  was declared but never referenced
      u16 outputheight=0;
..\Core\Src\OV_Frame.c(743): error:  #20: identifier "KEY1_PRES" is undefined
  	  if(Key_Value==KEY1_PRES) 
..\Core\Src\OV_Frame.c(750): error:  #20: identifier "KEY2_PRES" is undefined
      else if(Key_Value==KEY2_PRES) 
..\Core\Src\OV_Frame.c(763): error:  #20: identifier "LED2_Toggle" is undefined
              LED2_Toggle;
..\Core\Src\OV_Frame.c(418): warning:  #177-D: function "Copy_RAM_Data"  was declared but never referenced
  static void  Copy_RAM_Data(u16 *P1, u16 *P2, u16 Num)
..\Core\Src\OV_Frame.c: 16 warnings, 10 errors
"AI-Deployment-Test\AI-Deployment-Test.axf" - 10 Error(s), 16 Warning(s).

<h2>Software Packages used:</h2>

Package Vendor: ARM
                http://www.keil.com/pack/ARM.CMSIS.5.0.1.pack
                ARM.CMSIS.5.0.1
                CMSIS (Cortex Microcontroller Software Interface Standard)
   * Component: CORE Version: 5.0.1

Package Vendor: Keil
                https://www.keil.com/pack/Keil.STM32H7xx_DFP.3.1.1.pack
                Keil.STM32H7xx_DFP.3.1.1
                STMicroelectronics STM32H7 Series Device Support and Examples

<h2>Collection of Component include folders:</h2>
  ./RTE/_AI-Deployment-Test
  D:/applications/Keil 5/ARM/PACK/ARM/CMSIS/5.0.1/CMSIS/Include
  D:/applications/Keil 5/ARM/PACK/Keil/STM32H7xx_DFP/3.1.1/Drivers/CMSIS/Device/ST/STM32H7xx/Include

<h2>Collection of Component Files used:</h2>

   * Component: ARM::CMSIS:CORE:5.0.1
Target not created.
Build Time Elapsed:  00:00:06
</pre>
</body>
</html>
